<?xml version="1.0" encoding="UTF-8"?>
<robot generator="Robot 7.4.2 (Python 3.13.5 on win32)" generated="2026-05-19T19:58:02.501734" rpa="false" schemaversion="5">
<suite id="s1" name="Api" source="C:\repositorio\qa-automation-framework\tests\api">
<suite id="s1-s1" name="Create User Api" source="C:\repositorio\qa-automation-framework\tests\api\create_user_api.robot">
<test id="s1-s1-t1" name="Create User API" line="6">
<kw name="Create Session" owner="RequestsLibrary">
<msg time="2026-05-19T19:58:02.778188" level="INFO">Creating Session using : alias=api, url=https://jsonplaceholder.typicode.com, headers={},                     cookies={}, auth=None, timeout=None, proxies=None, verify=False,                     debug=0 </msg>
<arg>api</arg>
<arg>https://jsonplaceholder.typicode.com</arg>
<doc>Create Session: create a HTTP session to a server</doc>
<status status="PASS" start="2026-05-19T19:58:02.777949" elapsed="0.000526"/>
</kw>
<kw name="Create Dictionary" owner="BuiltIn">
<msg time="2026-05-19T19:58:02.779869" level="INFO">${body} = {'name': 'Andre', 'username': 'qaautomation'}</msg>
<var>${body}</var>
<arg>name=Andre</arg>
<arg>username=qaautomation</arg>
<doc>Creates and returns a dictionary based on the given ``items``.</doc>
<status status="PASS" start="2026-05-19T19:58:02.778962" elapsed="0.000976"/>
</kw>
<kw name="POST On Session" owner="RequestsLibrary">
<msg time="2026-05-19T19:58:02.986241" level="INFO">POST Request : url=https://jsonplaceholder.typicode.com/users 
 path_url=/users 
 headers={'User-Agent': 'python-requests/2.34.2', 'Accept-Encoding': 'gzip, deflate', 'Accept': '*/*', 'Connection': 'keep-alive', 'Content-Length': '45', 'Content-Type': 'application/json'} 
 body=b'{"name": "Andre", "username": "qaautomation"}' 
 </msg>
<msg time="2026-05-19T19:58:02.986796" level="INFO">POST Response : url=https://jsonplaceholder.typicode.com/users 
 status=201, reason=Created 
 headers={'Date': 'Tue, 19 May 2026 22:58:02 GMT', 'Content-Type': 'application/json; charset=utf-8', 'Content-Length': '63', 'Connection': 'keep-alive', 'access-control-allow-credentials': 'true', 'access-control-expose-headers': 'Location', 'Cache-Control': 'no-cache', 'etag': 'W/"3f-DlV+EYvKDKFKhRoGsp3D6O39sPA"', 'expires': '-1', 'location': 'https://jsonplaceholder.typicode.com/users/11', 'nel': '{"report_to":"heroku-nel","response_headers":["Via"],"max_age":3600,"success_fraction":0.01,"failure_fraction":0.1}', 'pragma': 'no-cache', 'report-to': '{"group":"heroku-nel","endpoints":[{"url":"https://nel.heroku.com/reports?s=E%2FioJ6V%2BKbKLOMN516XD8KTXiDZkMSqBWb9UiZ0m%2FPg%3D\\u0026sid=e11707d5-02a7-43ef-b45e-2cf4d2036f7d\\u0026ts=1779231482"}],"max_age":3600}', 'reporting-endpoints': 'heroku-nel="https://nel.heroku.com/reports?s=E%2FioJ6V%2BKbKLOMN516XD8KTXiDZkMSqBWb9UiZ0m%2FPg%3D&amp;sid=e11707d5-02a7-43ef-b45e-2cf4d2036f7d&amp;ts=1779231482"', 'Server': 'cloudflare', 'vary': 'Origin, X-HTTP-Method-Override, Accept-Encoding', 'via': '2.0 heroku-router', 'x-content-type-options': 'nosniff', 'x-powered-by': 'Express', 'x-ratelimit-limit': '1000', 'x-ratelimit-remaining': '999', 'x-ratelimit-reset': '1779231536', 'cf-cache-status': 'DYNAMIC', 'CF-RAY': '9fe6b43ecfdad7d4-GRU', 'alt-svc': 'h3=":443"; ma=86400'} 
 body={
  "name": "Andre",
  "username": "qaautomation",
  "id": 11
} 
 </msg>
<msg time="2026-05-19T19:58:02.987137" level="INFO">C:\repositorio\qa-automation-framework\venv\Lib\site-packages\urllib3\connectionpool.py:1110: InsecureRequestWarning: Unverified HTTPS request is being made to host 'jsonplaceholder.typicode.com'. Adding certificate verification is strongly advised. See: https://urllib3.readthedocs.io/en/latest/advanced-usage.html#tls-warnings
  warnings.warn(</msg>
<msg time="2026-05-19T19:58:02.988053" level="INFO">${response} = &lt;Response [201]&gt;</msg>
<var>${response}</var>
<arg>api</arg>
<arg>url=/users</arg>
<arg>json=${body}</arg>
<doc>Sends a POST request on a previously created HTTP Session.</doc>
<status status="PASS" start="2026-05-19T19:58:02.780333" elapsed="0.207954"/>
</kw>
<kw name="Should Be Equal As Integers" owner="BuiltIn">
<msg time="2026-05-19T19:58:02.992584" level="INFO">Argument types are:
&lt;class 'int'&gt;
&lt;class 'str'&gt;</msg>
<arg>${response.status_code}</arg>
<arg>201</arg>
<doc>Fails if objects are unequal after converting them to integers.</doc>
<status status="PASS" start="2026-05-19T19:58:02.989568" elapsed="0.003331"/>
</kw>
<kw name="Set Variable" owner="BuiltIn">
<msg time="2026-05-19T19:58:02.998058" level="INFO">${json} = {'name': 'Andre', 'username': 'qaautomation', 'id': 11}</msg>
<var>${json}</var>
<arg>${response.json()}</arg>
<doc>Returns the given values which can then be assigned to a variables.</doc>
<status status="PASS" start="2026-05-19T19:58:02.994163" elapsed="0.004066"/>
</kw>
<kw name="Log" owner="BuiltIn">
<msg time="2026-05-19T19:58:03.001656" level="INFO">{'name': 'Andre', 'username': 'qaautomation', 'id': 11}</msg>
<arg>${json}</arg>
<doc>Logs the given message with the given level.</doc>
<status status="PASS" start="2026-05-19T19:58:02.999654" elapsed="0.002397"/>
</kw>
<kw name="Should Be Equal" owner="BuiltIn">
<arg>${json}[name]</arg>
<arg>Andre</arg>
<doc>Fails if the given objects are unequal.</doc>
<status status="PASS" start="2026-05-19T19:58:03.003421" elapsed="0.002217"/>
</kw>
<status status="PASS" start="2026-05-19T19:58:02.776397" elapsed="0.230597"/>
</test>
<status status="PASS" start="2026-05-19T19:58:02.560123" elapsed="0.451762"/>
</suite>
<suite id="s1-s2" name="Users Api" source="C:\repositorio\qa-automation-framework\tests\api\users_api.robot">
<test id="s1-s2-t1" name="Get Users API" line="6">
<kw name="Create Session" owner="RequestsLibrary">
<msg time="2026-05-19T19:58:03.037400" level="INFO">Creating Session using : alias=api, url=https://jsonplaceholder.typicode.com, headers={},                     cookies={}, auth=None, timeout=None, proxies=None, verify=False,                     debug=0 </msg>
<arg>api</arg>
<arg>https://jsonplaceholder.typicode.com</arg>
<doc>Create Session: create a HTTP session to a server</doc>
<status status="PASS" start="2026-05-19T19:58:03.037020" elapsed="0.000889"/>
</kw>
<kw name="GET On Session" owner="RequestsLibrary">
<msg time="2026-05-19T19:58:03.119367" level="INFO">GET Request : url=https://jsonplaceholder.typicode.com/users 
 path_url=/users 
 headers={'User-Agent': 'python-requests/2.34.2', 'Accept-Encoding': 'gzip, deflate', 'Accept': '*/*', 'Connection': 'keep-alive'} 
 body=None 
 </msg>
<msg time="2026-05-19T19:58:03.119552" level="INFO">GET Response : url=https://jsonplaceholder.typicode.com/users 
 status=200, reason=OK 
 headers={'Date': 'Tue, 19 May 2026 22:58:02 GMT', 'Content-Type': 'application/json; charset=utf-8', 'Content-Length': '1847', 'Connection': 'keep-alive', 'access-control-allow-credentials': 'true', 'Cache-Control': 'max-age=43200', 'Content-Encoding': 'gzip', 'etag': 'W/"160d-1eMSsxeJRfnVLRBmYJSbCiJZ1qQ"', 'expires': '-1', 'nel': '{"report_to":"heroku-nel","response_headers":["Via"],"max_age":3600,"success_fraction":0.01,"failure_fraction":0.1}', 'pragma': 'no-cache', 'report-to': '{"group":"heroku-nel","endpoints":[{"url":"https://nel.heroku.com/reports?s=K5fqvAHP3lJeYq%2FMhB27E1B9QgVzPG5X%2BrkAOBWwdl4%3D\\u0026sid=e11707d5-02a7-43ef-b45e-2cf4d2036f7d\\u0026ts=1779125699"}],"max_age":3600}', 'reporting-endpoints': 'heroku-nel="https://nel.heroku.com/reports?s=K5fqvAHP3lJeYq%2FMhB27E1B9QgVzPG5X%2BrkAOBWwdl4%3D&amp;sid=e11707d5-02a7-43ef-b45e-2cf4d2036f7d&amp;ts=1779125699"', 'Server': 'cloudflare', 'vary': 'Origin, Accept-Encoding', 'via': '2.0 heroku-router', 'x-content-type-options': 'nosniff', 'x-powered-by': 'Express', 'x-ratelimit-limit': '1000', 'x-ratelimit-remaining': '998', 'x-ratelimit-reset': '1779125723', 'Age': '19377', 'Accept-Ranges': 'bytes', 'cf-cache-status': 'HIT', 'CF-RAY': '9fe6b440486977cc-GRU', 'alt-svc': 'h3=":443"; ma=86400'} 
 body=[
  {
    "id": 1,
    "name": "Leanne Graham",
    "username": "Bret",
    "email": "Sincere@april.biz",
    "address": {
      "street": "Kulas Light",
      "suite": "Apt. 556",
      "city": "Gwenborough",
      "zipcode": "92998-3874",
      "geo": {
        "lat": "-37.3159",
        "lng": "81.1496"
      }
    },
    "phone": "1-770-736-8031 x56442",
    "website": "hildegard.org",
    "company": {
      "name": "Romaguera-Crona",
      "catchPhrase": "Multi-layered client-server neural-net",
      "bs": "harness real-time e-markets"
    }
  },
  {
    "id": 2,
    "name": "Ervin Howell",
    "username": "Antonette",
    "email": "Shanna@melissa.tv",
    "address": {
      "street": "Victor Plains",
      "suite": "Suite 879",
      "city": "Wisokyburgh",
      "zipcode": "90566-7771",
      "geo": {
        "lat": "-43.9509",
        "lng": "-34.4618"
      }
    },
    "phone": "010-692-6593 x09125",
    "website": "anastasia.net",
    "company": {
      "name": "Deckow-Crist",
      "catchPhrase": "Proactive didactic contingency",
      "bs": "synergize scalable supply-chains"
    }
  },
  {
    "id": 3,
    "name": "Clementine Bauch",
    "username": "Samantha",
    "email": "Nathan@yesenia.net",
    "address": {
      "street": "Douglas Extension",
      "suite": "Suite 847",
      "city": "McKenziehaven",
      "zipcode": "59590-4157",
      "geo": {
        "lat": "-68.6102",
        "lng": "-47.0653"
      }
    },
    "phone": "1-463-123-4447",
    "website": "ramiro.info",
    "company": {
      "name": "Romaguera-Jacobson",
      "catchPhrase": "Face to face bifurcated interface",
      "bs": "e-enable strategic applications"
    }
  },
  {
    "id": 4,
    "name": "Patricia Lebsack",
    "username": "Karianne",
    "email": "Julianne.OConner@kory.org",
    "address": {
      "street": "Hoeger Mall",
      "suite": "Apt. 692",
      "city": "South Elvis",
      "zipcode": "53919-4257",
      "geo": {
        "lat": "29.4572",
        "lng": "-164.2990"
      }
    },
    "phone": "493-170-9623 x156",
    "website": "kale.biz",
    "company": {
      "name": "Robel-Corkery",
      "catchPhrase": "Multi-tiered zero tolerance productivity",
      "bs": "transition cutting-edge web services"
    }
  },
  {
    "id": 5,
    "name": "Chelsey Dietrich",
    "username": "Kamren",
    "email": "Lucio_Hettinger@annie.ca",
    "address": {
      "street": "Skiles Walks",
      "suite": "Suite 351",
      "city": "Roscoeview",
      "zipcode": "33263",
      "geo": {
        "lat": "-31.8129",
        "lng": "62.5342"
      }
    },
    "phone": "(254)954-1289",
    "website": "demarco.info",
    "company": {
      "name": "Keebler LLC",
      "catchPhrase": "User-centric fault-tolerant solution",
      "bs": "revolutionize end-to-end systems"
    }
  },
  {
    "id": 6,
    "name": "Mrs. Dennis Schulist",
    "username": "Leopoldo_Corkery",
    "email": "Karley_Dach@jasper.info",
    "address": {
      "street": "Norberto Crossing",
      "suite": "Apt. 950",
      "city": "South Christy",
      "zipcode": "23505-1337",
      "geo": {
        "lat": "-71.4197",
        "lng": "71.7478"
      }
    },
    "phone": "1-477-935-8478 x6430",
    "website": "ola.org",
    "company": {
      "name": "Considine-Lockman",
      "catchPhrase": "Synchronised bottom-line interface",
      "bs": "e-enable innovative applications"
    }
  },
  {
    "id": 7,
    "name": "Kurtis Weissnat",
    "username": "Elwyn.Skiles",
    "email": "Telly.Hoeger@billy.biz",
    "address": {
      "street": "Rex Trail",
      "suite": "Suite 280",
      "city": "Howemouth",
      "zipcode": "58804-1099",
      "geo": {
        "lat": "24.8918",
        "lng": "21.8984"
      }
    },
    "phone": "210.067.6132",
    "website": "elvis.io",
    "company": {
      "name": "Johns Group",
      "catchPhrase": "Configurable multimedia task-force",
      "bs": "generate enterprise e-tailers"
    }
  },
  {
    "id": 8,
    "name": "Nicholas Runolfsdottir V",
    "username": "Maxime_Nienow",
    "email": "Sherwood@rosamond.me",
    "address": {
      "street": "Ellsworth Summit",
      "suite": "Suite 729",
      "city": "Aliyaview",
      "zipcode": "45169",
      "geo": {
        "lat": "-14.3990",
        "lng": "-120.7677"
      }
    },
    "phone": "586.493.6943 x140",
    "website": "jacynthe.com",
    "company": {
      "name": "Abernathy Group",
      "catchPhrase": "Implemented secondary concept",
      "bs": "e-enable extensible e-tailers"
    }
  },
  {
    "id": 9,
    "name": "Glenna Reichert",
    "username": "Delphine",
    "email": "Chaim_McDermott@dana.io",
    "address": {
      "street": "Dayna Park",
      "suite": "Suite 449",
      "city": "Bartholomebury",
      "zipcode": "76495-3109",
      "geo": {
        "lat": "24.6463",
        "lng": "-168.8889"
      }
    },
    "phone": "(775)976-6794 x41206",
    "website": "conrad.com",
    "company": {
      "name": "Yost and Sons",
      "catchPhrase": "Switchable contextually-based project",
      "bs": "aggregate real-time technologies"
    }
  },
  {
    "id": 10,
    "name": "Clementina DuBuque",
    "username": "Moriah.Stanton",
    "email": "Rey.Padberg@karina.biz",
    "address": {
      "street": "Kattie Turnpike",
      "suite": "Suite 198",
      "city": "Lebsackbury",
      "zipcode": "31428-2261",
      "geo": {
        "lat": "-38.2386",
        "lng": "57.2232"
      }
    },
    "phone": "024-648-3804",
    "website": "ambrose.net",
    "company": {
      "name": "Hoeger LLC",
      "catchPhrase": "Centralized empowering task-force",
      "bs": "target end-to-end models"
    }
  }
] 
 </msg>
<msg time="2026-05-19T19:58:03.119948" level="INFO">C:\repositorio\qa-automation-framework\venv\Lib\site-packages\urllib3\connectionpool.py:1110: InsecureRequestWarning: Unverified HTTPS request is being made to host 'jsonplaceholder.typicode.com'. Adding certificate verification is strongly advised. See: https://urllib3.readthedocs.io/en/latest/advanced-usage.html#tls-warnings
  warnings.warn(</msg>
<msg time="2026-05-19T19:58:03.120296" level="INFO">${response} = &lt;Response [200]&gt;</msg>
<var>${response}</var>
<arg>api</arg>
<arg>url=/users</arg>
<doc>Sends a GET request on a previously created HTTP Session.</doc>
<status status="PASS" start="2026-05-19T19:58:03.038478" elapsed="0.081893"/>
</kw>
<kw name="Should Be Equal As Integers" owner="BuiltIn">
<msg time="2026-05-19T19:58:03.122353" level="INFO">Argument types are:
&lt;class 'int'&gt;
&lt;class 'str'&gt;</msg>
<arg>${response.status_code}</arg>
<arg>200</arg>
<doc>Fails if objects are unequal after converting them to integers.</doc>
<status status="PASS" start="2026-05-19T19:58:03.120829" elapsed="0.001691"/>
</kw>
<kw name="Set Variable" owner="BuiltIn">
<msg time="2026-05-19T19:58:03.124411" level="INFO">${json} = [{'id': 1, 'name': 'Leanne Graham', 'username': 'Bret', 'email': 'Sincere@april.biz', 'address': {'street': 'Kulas Light', 'suite': 'Apt. 556', 'city': 'Gwenborough', 'zipcode': '92998-3874', 'geo': {...</msg>
<var>${json}</var>
<arg>${response.json()}</arg>
<doc>Returns the given values which can then be assigned to a variables.</doc>
<status status="PASS" start="2026-05-19T19:58:03.122989" elapsed="0.001479"/>
</kw>
<kw name="Log" owner="BuiltIn">
<msg time="2026-05-19T19:58:03.125458" level="INFO">[{'id': 1, 'name': 'Leanne Graham', 'username': 'Bret', 'email': 'Sincere@april.biz', 'address': {'street': 'Kulas Light', 'suite': 'Apt. 556', 'city': 'Gwenborough', 'zipcode': '92998-3874', 'geo': {'lat': '-37.3159', 'lng': '81.1496'}}, 'phone': '1-770-736-8031 x56442', 'website': 'hildegard.org', 'company': {'name': 'Romaguera-Crona', 'catchPhrase': 'Multi-layered client-server neural-net', 'bs': 'harness real-time e-markets'}}, {'id': 2, 'name': 'Ervin Howell', 'username': 'Antonette', 'email': 'Shanna@melissa.tv', 'address': {'street': 'Victor Plains', 'suite': 'Suite 879', 'city': 'Wisokyburgh', 'zipcode': '90566-7771', 'geo': {'lat': '-43.9509', 'lng': '-34.4618'}}, 'phone': '010-692-6593 x09125', 'website': 'anastasia.net', 'company': {'name': 'Deckow-Crist', 'catchPhrase': 'Proactive didactic contingency', 'bs': 'synergize scalable supply-chains'}}, {'id': 3, 'name': 'Clementine Bauch', 'username': 'Samantha', 'email': 'Nathan@yesenia.net', 'address': {'street': 'Douglas Extension', 'suite': 'Suite 847', 'city': 'McKenziehaven', 'zipcode': '59590-4157', 'geo': {'lat': '-68.6102', 'lng': '-47.0653'}}, 'phone': '1-463-123-4447', 'website': 'ramiro.info', 'company': {'name': 'Romaguera-Jacobson', 'catchPhrase': 'Face to face bifurcated interface', 'bs': 'e-enable strategic applications'}}, {'id': 4, 'name': 'Patricia Lebsack', 'username': 'Karianne', 'email': 'Julianne.OConner@kory.org', 'address': {'street': 'Hoeger Mall', 'suite': 'Apt. 692', 'city': 'South Elvis', 'zipcode': '53919-4257', 'geo': {'lat': '29.4572', 'lng': '-164.2990'}}, 'phone': '493-170-9623 x156', 'website': 'kale.biz', 'company': {'name': 'Robel-Corkery', 'catchPhrase': 'Multi-tiered zero tolerance productivity', 'bs': 'transition cutting-edge web services'}}, {'id': 5, 'name': 'Chelsey Dietrich', 'username': 'Kamren', 'email': 'Lucio_Hettinger@annie.ca', 'address': {'street': 'Skiles Walks', 'suite': 'Suite 351', 'city': 'Roscoeview', 'zipcode': '33263', 'geo': {'lat': '-31.8129', 'lng': '62.5342'}}, 'phone': '(254)954-1289', 'website': 'demarco.info', 'company': {'name': 'Keebler LLC', 'catchPhrase': 'User-centric fault-tolerant solution', 'bs': 'revolutionize end-to-end systems'}}, {'id': 6, 'name': 'Mrs. Dennis Schulist', 'username': 'Leopoldo_Corkery', 'email': 'Karley_Dach@jasper.info', 'address': {'street': 'Norberto Crossing', 'suite': 'Apt. 950', 'city': 'South Christy', 'zipcode': '23505-1337', 'geo': {'lat': '-71.4197', 'lng': '71.7478'}}, 'phone': '1-477-935-8478 x6430', 'website': 'ola.org', 'company': {'name': 'Considine-Lockman', 'catchPhrase': 'Synchronised bottom-line interface', 'bs': 'e-enable innovative applications'}}, {'id': 7, 'name': 'Kurtis Weissnat', 'username': 'Elwyn.Skiles', 'email': 'Telly.Hoeger@billy.biz', 'address': {'street': 'Rex Trail', 'suite': 'Suite 280', 'city': 'Howemouth', 'zipcode': '58804-1099', 'geo': {'lat': '24.8918', 'lng': '21.8984'}}, 'phone': '210.067.6132', 'website': 'elvis.io', 'company': {'name': 'Johns Group', 'catchPhrase': 'Configurable multimedia task-force', 'bs': 'generate enterprise e-tailers'}}, {'id': 8, 'name': 'Nicholas Runolfsdottir V', 'username': 'Maxime_Nienow', 'email': 'Sherwood@rosamond.me', 'address': {'street': 'Ellsworth Summit', 'suite': 'Suite 729', 'city': 'Aliyaview', 'zipcode': '45169', 'geo': {'lat': '-14.3990', 'lng': '-120.7677'}}, 'phone': '586.493.6943 x140', 'website': 'jacynthe.com', 'company': {'name': 'Abernathy Group', 'catchPhrase': 'Implemented secondary concept', 'bs': 'e-enable extensible e-tailers'}}, {'id': 9, 'name': 'Glenna Reichert', 'username': 'Delphine', 'email': 'Chaim_McDermott@dana.io', 'address': {'street': 'Dayna Park', 'suite': 'Suite 449', 'city': 'Bartholomebury', 'zipcode': '76495-3109', 'geo': {'lat': '24.6463', 'lng': '-168.8889'}}, 'phone': '(775)976-6794 x41206', 'website': 'conrad.com', 'company': {'name': 'Yost and Sons', 'catchPhrase': 'Switchable contextually-based project', 'bs': 'aggregate real-time technologies'}}, {'id': 10, 'name': 'Clementina DuBuque', 'username': 'Moriah.Stanton', 'email': 'Rey.Padberg@karina.biz', 'address': {'street': 'Kattie Turnpike', 'suite': 'Suite 198', 'city': 'Lebsackbury', 'zipcode': '31428-2261', 'geo': {'lat': '-38.2386', 'lng': '57.2232'}}, 'phone': '024-648-3804', 'website': 'ambrose.net', 'company': {'name': 'Hoeger LLC', 'catchPhrase': 'Centralized empowering task-force', 'bs': 'target end-to-end models'}}]</msg>
<arg>${json}</arg>
<doc>Logs the given message with the given level.</doc>
<status status="PASS" start="2026-05-19T19:58:03.124867" elapsed="0.000729"/>
</kw>
<kw name="Should Be Equal" owner="BuiltIn">
<arg>${json}[0][name]</arg>
<arg>Leanne Graham</arg>
<doc>Fails if the given objects are unequal.</doc>
<status status="PASS" start="2026-05-19T19:58:03.125956" elapsed="0.000736"/>
</kw>
<status status="PASS" start="2026-05-19T19:58:03.034680" elapsed="0.092526"/>
</test>
<status status="PASS" start="2026-05-19T19:58:03.019197" elapsed="0.109129"/>
</suite>
<status status="PASS" start="2026-05-19T19:58:02.503757" elapsed="0.625884"/>
</suite>
<statistics>
<total>
<stat pass="2" fail="0" skip="0">All Tests</stat>
</total>
<tag>
</tag>
<suite>
<stat name="Api" id="s1" pass="2" fail="0" skip="0">Api</stat>
<stat name="Create User Api" id="s1-s1" pass="1" fail="0" skip="0">Api.Create User Api</stat>
<stat name="Users Api" id="s1-s2" pass="1" fail="0" skip="0">Api.Users Api</stat>
</suite>
</statistics>
<errors>
</errors>
</robot>
